ESMF_ALARM
ESMF_ALARMCREATE
ESMF_ALARMDESTROY
ESMF_ALARMDISABLE
ESMF_ALARMENABLE
ESMF_ALARMGET
ESMF_ALARMISENABLED
ESMF_ALARMISRINGING
ESMF_ALARMISSTICKY
ESMF_ALARMLISTTYPE
ESMF_ALARMLIST_ALL
ESMF_ALARMNOTSTICKY
ESMF_ALARMPRINT
ESMF_ALARMREADRESTART
ESMF_ALARMRINGEROFF
ESMF_ALARMRINGERON
ESMF_ALARMSET
ESMF_ALARMSTICKY
ESMF_ALARMVALIDATE
ESMF_ALARMWASPREVRINGING
ESMF_ALARMWILLRINGNEXT
ESMF_ALARMWRITERESTART
ESMF_ALLOCFLAG
ESMF_ARRAY
ESMF_ARRAYCOMPUTEAXISINDEX
ESMF_ARRAYDATAMAP
ESMF_ARRAYDATAMAPGET
ESMF_ARRAYDATAMAPSETDEFAULT
ESMF_ARRAYDATAMAPSETINVALID
ESMF_ARRAYDATAMAPVALIDATE
ESMF_ARRAYDATAMAPWRITE
ESMF_ARRAYDATAMAPWRITERESTART
ESMF_ARRAYGATHER
ESMF_ARRAYGET
ESMF_ARRAYGETALLAXISINDICES
ESMF_ARRAYGETATTRIBUTE
ESMF_ARRAYGETATTRIBUTECOUNT
ESMF_ARRAYGETATTRIBUTEINFO
ESMF_ARRAYHALOSTORE
ESMF_ARRAYPRINT
ESMF_ARRAYREAD
ESMF_ARRAYREADRESTART
ESMF_ARRAYREDISTSTORE
ESMF_ARRAYREGRIDSTORE
ESMF_ARRAYSETAXISINDEX
ESMF_ARRAYSPEC
ESMF_ARRAYSPECGET
ESMF_ARRAYSPECSET
ESMF_ARRAYVALIDATE
ESMF_ARRAYWRITE
ESMF_ARRAYWRITERESTART
ESMF_ATTRIBUTECOPY
ESMF_ATTRIBUTECOPYALL
ESMF_ATTRIBUTEGET
ESMF_ATTRIBUTEGETBYNUMBER
ESMF_ATTRIBUTEGETCOUNT
ESMF_ATTRIBUTEGETINTEGER
ESMF_ATTRIBUTEGETLIST
ESMF_ATTRIBUTEGETNAMELIST
ESMF_ATTRIBUTEGETOBJECTLIST
ESMF_ATTRIBUTESET
ESMF_ATTRIBUTESETINTEGER
ESMF_ATTRIBUTESETLIST
ESMF_ATTRIBUTESETOBJECTLIST
ESMF_AXISINDEX
ESMF_AXISINDEXGET
ESMF_AXISINDEXSET
ESMF_BASE
ESMF_BASECREATE
ESMF_BASEDESTROY
ESMF_BASEPRINT
ESMF_BASETIME
ESMF_BASEVALIDATE
ESMF_BLOCKINGFLAG
ESMF_BUNDLE
ESMF_BUNDLEADDFIELD
ESMF_BUNDLECREATE
ESMF_BUNDLEDATAMAP
ESMF_BUNDLEDATAMAPGET
ESMF_BUNDLEDATAMAPSETDEFAULT
ESMF_BUNDLEDATAMAPSETINVALID
ESMF_BUNDLEDATAMAPVALIDATE
ESMF_BUNDLEDATAMAPWRITE
ESMF_BUNDLEDATAMAPWRITERESTART
ESMF_BUNDLEDESERIALIZE
ESMF_BUNDLEDESTROY
ESMF_BUNDLEGATHER
ESMF_BUNDLEGET
ESMF_BUNDLEGETATTRIBUTE
ESMF_BUNDLEGETATTRIBUTECOUNT
ESMF_BUNDLEGETATTRIBUTEINFO
ESMF_BUNDLEGETFIELD
ESMF_BUNDLEGETFIELDNAMES
ESMF_BUNDLEHALOSTORE
ESMF_BUNDLEPACKDATA
ESMF_BUNDLEPRINT
ESMF_BUNDLEREDISTSTORE
ESMF_BUNDLEREDUCE
ESMF_BUNDLEREGRIDSTORE
ESMF_BUNDLESCATTER
ESMF_BUNDLESERIALIZE
ESMF_BUNDLESETATTRIBUTE
ESMF_BUNDLESETGRID
ESMF_BUNDLETYPE
ESMF_BUNDLEVALIDATE
ESMF_CALENDAR
ESMF_CALENDARCREATE
ESMF_CALENDARDESTROY
ESMF_CALENDARFINALIZE
ESMF_CALENDARGET
ESMF_CALENDARINITIALIZE
ESMF_CALENDARPRINT
ESMF_CALENDARREADRESTART
ESMF_CALENDARSET
ESMF_CALENDARSETDEFAULT
ESMF_CALENDARTYPE
ESMF_CALENDARVALIDATE
ESMF_CALENDARWRITERESTART
ESMF_CAL_GREGORIAN
ESMF_CELL_CELL
ESMF_CELL_EFACE
ESMF_CELL_NECORNER
ESMF_CELL_NFACE
ESMF_CELL_SECORNER
ESMF_CELL_TOPFACE
ESMF_CELL_UNDEFINED
ESMF_CLOCK
ESMF_CLOCKADVANCE
ESMF_CLOCKCREATE
ESMF_CLOCKDESTROY
ESMF_CLOCKGET
ESMF_CLOCKGETALARM
ESMF_CLOCKGETALARMLIST
ESMF_CLOCKGETNEXTTIME
ESMF_CLOCKISSTOPTIME
ESMF_CLOCKISSTOPTIMEENABLED
ESMF_CLOCKPRINT
ESMF_CLOCKREADRESTART
ESMF_CLOCKSET
ESMF_CLOCKSTOPTIMEDISABLE
ESMF_CLOCKSTOPTIMEENABLE
ESMF_CLOCKSYNCTOREALTIME
ESMF_CLOCKVALIDATE
ESMF_CLOCKWRITERESTART
ESMF_COMMHANDLE
ESMF_COMMTABLE
ESMF_COMMTABLECREATE
ESMF_COMMTABLEDESTROY
ESMF_COMMTABLEGET
ESMF_COMMTABLEPRINT
ESMF_COMMTABLESET
ESMF_COMMTABLEVALIDATE
ESMF_COMPCLASS
ESMF_COMPCONSTRUCT
ESMF_COMPGET
ESMF_COMPINITIALIZE
ESMF_COMPSETVMMAXPES
ESMF_COMPSETVMMAXTHREADS
ESMF_COMPSETVMMINTHREADS
ESMF_COMPTYPE
ESMF_COMPTYPE_GRID
ESMF_COMPVALIDATE
ESMF_COMPWAIT
ESMF_COMPWRITERESTART
ESMF_CONFIG
ESMF_CONFIGCREATE
ESMF_CONFIGDESTROY
ESMF_CONFIGFINDLABEL
ESMF_CONFIGGETATTRIBUTE
ESMF_CONFIGGETCHAR
ESMF_CONFIGGETDIM
ESMF_CONFIGGETLEN
ESMF_CONFIGLOADFILE
ESMF_CONFIGNEXTLINE
ESMF_COORDINDEX
ESMF_COORDORDER
ESMF_COORDSYSTEM
ESMF_COORDTYPE
ESMF_CPLCOMP
ESMF_CPLCOMPCREATE
ESMF_CPLCOMPDESTROY
ESMF_CPLCOMPFINALIZE
ESMF_CPLCOMPGET
ESMF_CPLCOMPINITIALIZE
ESMF_CPLCOMPPRINT
ESMF_CPLCOMPREADRESTART
ESMF_CPLCOMPRUN
ESMF_CPLCOMPSET
ESMF_CPLCOMPSETVMMAXPES
ESMF_CPLCOMPSETVMMAXTHREADS
ESMF_CPLCOMPSETVMMINTHREADS
ESMF_CPLCOMPVALIDATE
ESMF_CPLCOMPWAIT
ESMF_CPLCOMPWRITERESTART
ESMF_CWGHT_NORMAL
ESMF_DATAKINDSTRING
ESMF_DATATYPESTRING
ESMF_DATAVALUE
ESMF_DATA_INTEGER
ESMF_DELAYOUT
ESMF_DELAYOUTALLFULLREDUCE
ESMF_DELAYOUTCOPY
ESMF_DELAYOUTCREATE
ESMF_DELAYOUTDATA
ESMF_DELAYOUTDATACREATE
ESMF_DELAYOUTDATADESTROY
ESMF_DELAYOUTDESERIALIZE
ESMF_DELAYOUTDESTROY
ESMF_DELAYOUTEXCHANGE
ESMF_DELAYOUTGATHER
ESMF_DELAYOUTGET
ESMF_DELAYOUTGETDELOCALINFO
ESMF_DELAYOUTGETDEMATCHDE
ESMF_DELAYOUTGETDEMATCHPET
ESMF_DELAYOUTGETVM
ESMF_DELAYOUTPRINT
ESMF_DELAYOUTSCATTER
ESMF_DELAYOUTSERIALIZE
ESMF_DELAYOUTVALIDATE
ESMF_DELAYOUTWAIT
ESMF_DISTGRID
ESMF_DISTGRIDCREATE
ESMF_DISTGRIDDESERIALIZE
ESMF_DISTGRIDDESTROY
ESMF_DISTGRIDGET
ESMF_DISTGRIDGETALLAXISINDEX
ESMF_DISTGRIDGETALLCOUNTS
ESMF_DISTGRIDGETCONFIG
ESMF_DISTGRIDGETDE
ESMF_DISTGRIDGETDELAYOUT
ESMF_DISTGRIDGETVALUE
ESMF_DISTGRIDGLOBALTOLOCALINDEX
ESMF_DISTGRIDLOCAL
ESMF_DISTGRIDLOCALTOGLOBALINDEX
ESMF_DISTGRIDPRINT
ESMF_DISTGRIDSERIALIZE
ESMF_DISTGRIDSET
ESMF_DISTGRIDSETCONFIG
ESMF_DISTGRIDSETCOUNTS
ESMF_DISTGRIDSETDE
ESMF_DISTGRIDSETVALUE
ESMF_DISTGRIDTYPE
ESMF_DISTGRIDVALIDATE
ESMF_DOMAIN
ESMF_DOMAINLISTADD
ESMF_DOMAINLISTCREATE
ESMF_DOMAINLISTDESTROY
ESMF_DOMAINLISTPRINT
ESMF_FAILURE
ESMF_FIELD
ESMF_FIELDBOXINTERSECT
ESMF_FIELDCONSTRUCT
ESMF_FIELDCREATENODATA
ESMF_FIELDDATAMAP
ESMF_FIELDDATAMAPGET
ESMF_FIELDDATAMAPSERIALIZE
ESMF_FIELDDATAMAPSETDEFAULT
ESMF_FIELDDATAMAPSETINVALID
ESMF_FIELDDATAMAPVALIDATE
ESMF_FIELDDATAMAPWRITE
ESMF_FIELDDATAMAPWRITERESTART
ESMF_FIELDDESERIALIZE
ESMF_FIELDDESTROY
ESMF_FIELDGATHER
ESMF_FIELDGET
ESMF_FIELDGETARRAY
ESMF_FIELDGETATTRIBUTE
ESMF_FIELDGETATTRIBUTECOUNT
ESMF_FIELDGETATTRIBUTEINFO
ESMF_FIELDGETGLOBALDATAINFO
ESMF_FIELDGETGLOBALGRIDINFO
ESMF_FIELDGETLOCALDATAINFO
ESMF_FIELDGETLOCALGRIDINFO
ESMF_FIELDHALOSTORE
ESMF_FIELDPRINT
ESMF_FIELDREDISTSTORE
ESMF_FIELDREDUCE
ESMF_FIELDREGRIDSTORE
ESMF_FIELDSCATTER
ESMF_FIELDSERIALIZE
ESMF_FIELDSETARRAY
ESMF_FIELDSETATTRIBUTE
ESMF_FIELDSETDATAMAP
ESMF_FIELDSETDATAVALUES
ESMF_FIELDSETGRID
ESMF_FIELDTYPE
ESMF_FIELDVALIDATE
ESMF_FIELDWRITE
ESMF_FRACTION
ESMF_FRAMEWORKINTERNALINIT
ESMF_GETNAME
ESMF_GETPOINTER
ESMF_GRID
ESMF_GRIDADDDISTGRID
ESMF_GRIDADDPHYSGRID
ESMF_GRIDADDVERTHEIGHT
ESMF_GRIDBOXINTERSECTRECV
ESMF_GRIDBOXINTERSECTSEND
ESMF_GRIDCLASS
ESMF_GRIDCOMPCREATE
ESMF_GRIDCOMPDESTROY
ESMF_GRIDCOMPFINALIZE
ESMF_GRIDCOMPGET
ESMF_GRIDCOMPINITIALIZE
ESMF_GRIDCOMPPRINT
ESMF_GRIDCOMPREADRESTART
ESMF_GRIDCOMPRUN
ESMF_GRIDCOMPSET
ESMF_GRIDCOMPSETVMMAXPES
ESMF_GRIDCOMPSETVMMAXTHREADS
ESMF_GRIDCOMPSETVMMINTHREADS
ESMF_GRIDCOMPTYPE
ESMF_GRIDCOMPUTEDISTANCE
ESMF_GRIDCOMPVALIDATE
ESMF_GRIDCOMPWAIT
ESMF_GRIDCOMPWRITERESTART
ESMF_GRIDCONSTRUCTNEW
ESMF_GRIDCREATE
ESMF_GRIDCREATEHORZLATLON
ESMF_GRIDCREATEHORZLATLONUNI
ESMF_GRIDCREATEHORZXY
ESMF_GRIDCREATEHORZXYUNI
ESMF_GRIDDELOCALTOGLOBALAI
ESMF_GRIDDELOCALTOGLOBALINDEX
ESMF_GRIDDESERIALIZE
ESMF_GRIDDESTROY
ESMF_GRIDDISTRIBUTE
ESMF_GRIDGET
ESMF_GRIDGETALLAXISINDEX
ESMF_GRIDGETATTRIBUTE
ESMF_GRIDGETATTRIBUTECOUNT
ESMF_GRIDGETATTRIBUTEINFO
ESMF_GRIDGETBOUNDINGBOXES
ESMF_GRIDGETCELLMASK
ESMF_GRIDGETCOORD
ESMF_GRIDGETDELAYOUT
ESMF_GRIDGETDELOCALAI
ESMF_GRIDGETDELOCALINFO
ESMF_GRIDGETDISTGRID
ESMF_GRIDGETPHYSGRID
ESMF_GRIDGETPHYSGRIDID
ESMF_GRIDGLOBALTODELOCALAI
ESMF_GRIDGLOBALTODELOCALINDEX
ESMF_GRIDHORZSTAGGER
ESMF_GRIDMAKEDISTGRIDSPACE
ESMF_GRIDMAKEPHYSGRIDSPACE
ESMF_GRIDMASK
ESMF_GRIDMASKTYPE
ESMF_GRIDPRINT
ESMF_GRIDSERIALIZE
ESMF_GRIDSET
ESMF_GRIDSETATTRIBUTE
ESMF_GRIDSETCOORD
ESMF_GRIDSETMASK
ESMF_GRIDSETMETRIC
ESMF_GRIDSTATUS
ESMF_GRIDSTORAGE
ESMF_GRIDSTRUCTURE
ESMF_GRIDTYPE
ESMF_GRIDVALIDATE
ESMF_GRIDVERTSTAGGER
ESMF_GRIDVERTTYPE
ESMF_HALODIRECTION
ESMF_HALOHANDLE
ESMF_HALTTYPE
ESMF_I1
ESMF_I4_AP
ESMF_ID_ARRAYDATAMAP
ESMF_ID_BASE
ESMF_ID_BUNDLEDATAMAP
ESMF_ID_CALENDAR
ESMF_ID_CLOCK
ESMF_ID_COMMTABLE
ESMF_ID_CONFIG
ESMF_ID_GRIDCOMPONENT
ESMF_ID_PHYSGRID
ESMF_ID_REGRID
ESMF_ID_ROUTEHANDLE
ESMF_INDEXFLAG
ESMF_INDEXORDER
ESMF_INDEX_I
ESMF_INDEX_IJK
ESMF_INDEX_IKJ
ESMF_INITIALIZE
ESMF_INTERLEAVEFLAG
ESMF_INTERLEAVETYPE
ESMF_INTERLEAVETYPESTRING
ESMF_INTERLEAVE_BY_BLOCK
ESMF_IOFILEFORMAT
ESMF_IOFLUSH
ESMF_IORWTYPE
ESMF_IOSPEC
ESMF_IOSPECGET
ESMF_IOSPECSET
ESMF_IO_FILEFORMAT_NETCDF
ESMF_IO_RWTYPE_READONLY
ESMF_IO_RWTYPE_READWRITE
ESMF_IO_RWTYPE_TRUNCATE
ESMF_KIND_I1
ESMF_LOG
ESMF_LOGCLOSE
ESMF_LOGFINALIZE
ESMF_LOGFLUSH
ESMF_LOGFOUNDALLOCERROR
ESMF_LOGFOUNDERROR
ESMF_LOGGET
ESMF_LOGICAL
ESMF_LOGICALSTRING
ESMF_LOGINITIALIZE
ESMF_LOGMSGFOUNDALLOCERROR
ESMF_LOGMSGFOUNDERROR
ESMF_LOGMSGSETERROR
ESMF_LOGOPEN
ESMF_LOGRECTGRID
ESMF_LOGSET
ESMF_LOGWRITE
ESMF_LOG_ERROR
ESMF_LOG_HALTERROR
ESMF_LOG_HALTNEVER
ESMF_LOG_HALTWARNING
ESMF_LOG_INFO
ESMF_LOG_MULTI
ESMF_LOG_SINGLE
ESMF_LOG_WARNING
ESMF_LRGRIDADDDISTGRIDBLOCK
ESMF_LRGRIDADDDISTGRIDVECT
ESMF_LRGRIDADDPHYSGRIDBLOCK
ESMF_LRGRIDADDPHYSGRIDVECT
ESMF_LRGRIDADDVERT
ESMF_LRGRIDADDVERTPHYSGRID
ESMF_LRGRIDBOXINTERSECTRECV
ESMF_LRGRIDBOXINTERSECTSEND
ESMF_LRGRIDCREATECOPY
ESMF_LRGRIDCREATECUTOUT
ESMF_LRGRIDCREATEDIFFRES
ESMF_LRGRIDCREATEEXCHANGE
ESMF_LRGRIDCREATEREAD
ESMF_LRGRIDDELOCALTOGLOBALAI
ESMF_LRGRIDDELOCALTOGLOBALINDEX
ESMF_LRGRIDDESERIALIZE
ESMF_LRGRIDDESTRUCT
ESMF_LRGRIDDISTRIBUTEBLOCK
ESMF_LRGRIDDISTRIBUTEVECT
ESMF_LRGRIDGET
ESMF_LRGRIDGETALLAXISINDEX
ESMF_LRGRIDGETCELLMASK
ESMF_LRGRIDGETCOORD
ESMF_LRGRIDGETDELOCALINFO
ESMF_LRGRIDGLOBALTODELOCALAI
ESMF_LRGRIDGLOBALTODELOCALINDEX
ESMF_LRGRIDSERIALIZE
ESMF_LRGRIDSET
ESMF_LRGRIDSETBOUNDBOXESBLOCK
ESMF_LRGRIDSETBOUNDBOXESVECT
ESMF_LRGRIDSETCELLMASK
ESMF_LRGRIDSETCOORD
ESMF_LRGRIDSETMASK
ESMF_LRGRIDSETMETRIC
ESMF_LRGRIDVALIDATE
ESMF_MAIN_C
ESMF_MAJOR_VERSION
ESMF_MAXDIM
ESMF_MAXSTR
ESMF_MSGTYPE
ESMF_NEEDEDFLAG
ESMF_NULL_POINTER
ESMF_OBJECTID
ESMF_PHYSCOORD
ESMF_PHYSCOORDCREATE
ESMF_PHYSCOORDDESTROY
ESMF_PHYSCOORDGET
ESMF_PHYSCOORDGETEXTENTS
ESMF_PHYSCOORDISALIGNED
ESMF_PHYSCOORDISCYCLIC
ESMF_PHYSCOORDISEQUALSPACED
ESMF_PHYSCOORDPOINTINRANGE
ESMF_PHYSCOORDPRINT
ESMF_PHYSCOORDSET
ESMF_PHYSGRID
ESMF_PHYSGRIDCOMPDISTCARTESIAN
ESMF_PHYSGRIDCOMPDISTSPHERICAL
ESMF_PHYSGRIDCREATE
ESMF_PHYSGRIDDESTROY
ESMF_PHYSGRIDGET
ESMF_PHYSGRIDGETCOORD
ESMF_PHYSGRIDGETLOCATIONS
ESMF_PHYSGRIDGETMASK
ESMF_PHYSGRIDGETMETRIC
ESMF_PHYSGRIDGETREGIONS
ESMF_PHYSGRIDORIENTATION
ESMF_PHYSGRIDPOINTINCELL
ESMF_PHYSGRIDPRINT
ESMF_PHYSGRIDSEARCHMYDEROWCOL
ESMF_PHYSGRIDSET
ESMF_PHYSGRIDSETCOORD
ESMF_PHYSGRIDSETLOCATIONS
ESMF_PHYSGRIDSETMASK
ESMF_PHYSGRIDSETMETRIC
ESMF_PHYSGRIDSETREGIONS
ESMF_PHYSGRIDTYPE
ESMF_PHYSGRIDVALIDATE
ESMF_PHYSLOCATION
ESMF_PHYSREGION
ESMF_POINTERPRINT
ESMF_PREF_INTER_SSI_MPI1
ESMF_PREF_INTRA_PROCESS_PTHREAD
ESMF_PREF_INTRA_PROCESS_SHMHACK
ESMF_PREF_INTRA_SSI_MPI1
ESMF_PREF_INTRA_SSI_POSIXIPC
ESMF_R4_AP
ESMF_R8_AP
ESMF_READYFLAG
ESMF_REDUCEFLAG
ESMF_REGIONTYPE
ESMF_REGRID
ESMF_REGRIDADDLINK
ESMF_REGRIDBILINEARSEARCH
ESMF_REGRIDCONSTRUCTBILINEAR
ESMF_REGRIDCONSTRUCTCONSERV
ESMF_REGRIDCONSTRUCTEMPTY
ESMF_REGRIDCONSTRUCTLINEAR
ESMF_REGRIDCONSTRUCTNEARNBR
ESMF_REGRIDCREATEEMPTY
ESMF_REGRIDDESTROY
ESMF_REGRIDDESTRUCT
ESMF_REGRIDDISTRBOPT
ESMF_REGRIDGET
ESMF_REGRIDINDEXCREATE
ESMF_REGRIDINDEXDESTROY
ESMF_REGRIDLINEARSEARCH
ESMF_REGRIDMETHOD
ESMF_REGRIDNORMOPT
ESMF_REGRIDPRINT
ESMF_REGRIDROUTECONSTRUCT
ESMF_REGRIDSET
ESMF_REGRIDVALIDATE
ESMF_RELLOC
ESMF_RELLOCSTRING
ESMF_REQFORRESTARTFLAG
ESMF_REVISION
ESMF_ROUTE
ESMF_ROUTECREATE
ESMF_ROUTEDESTROY
ESMF_ROUTEGETRECVITEMS
ESMF_ROUTEHANDLE
ESMF_ROUTEHANDLECREATE
ESMF_ROUTEHANDLEDESTROY
ESMF_ROUTEHANDLEGET
ESMF_ROUTEHANDLEPRINT
ESMF_ROUTEHANDLESET
ESMF_ROUTEHANDLEVALIDATE
ESMF_ROUTEPRECOMPUTEDOMLIST
ESMF_ROUTEPRECOMPUTEHALO
ESMF_ROUTEPRECOMPUTEREDIST
ESMF_ROUTEPRECOMPUTEREDISTV
ESMF_ROUTEPRECOMPUTEREGRID
ESMF_ROUTEPRINT
ESMF_ROUTERUN
ESMF_ROUTERUNF90PTRI411D
ESMF_ROUTERUNF90PTRI421D
ESMF_ROUTERUNF90PTRR811D
ESMF_ROUTERUNF90PTRR821D
ESMF_ROUTERUNF90PTRR832D
ESMF_ROUTESET
ESMF_ROUTESETRECV
ESMF_ROUTESETRECVITEMS
ESMF_ROUTESETSEND
ESMF_ROUTEVALIDATE
ESMF_ROUTE_OPTION_ASYNC
ESMF_RTABLE
ESMF_RTABLECREATE
ESMF_RTABLEDESTROY
ESMF_RTABLEGET
ESMF_RTABLEPRINT
ESMF_RTABLESET
ESMF_RTABLEVALIDATE
ESMF_SETINIT
ESMF_SETNAME
ESMF_SETNULLPOINTER
ESMF_SETPOINTER
ESMF_STATE
ESMF_STATEADDBUNDLE
ESMF_STATEADDNAMEONLY
ESMF_STATEADDSTATE
ESMF_STATECLASS
ESMF_STATECREATE
ESMF_STATEGET
ESMF_STATEGETATTRIBUTE
ESMF_STATEGETATTRIBUTECOUNT
ESMF_STATEGETATTRIBUTEINFO
ESMF_STATEGETBUNDLE
ESMF_STATEGETSTATE
ESMF_STATEISNEEDED
ESMF_STATEITEMTYPE
ESMF_STATEITEM_INDIRECT
ESMF_STATEPRINT
ESMF_STATEREADRESTART
ESMF_STATERECONCILE
ESMF_STATESERIALIZE
ESMF_STATESETATTRIBUTE
ESMF_STATESETNEEDED
ESMF_STATETRANSFORM
ESMF_STATETYPE
ESMF_STATEWRITE
ESMF_STATEWRITERESTART
ESMF_STATE_INVALID
ESMF_STATUS
ESMF_STATUSSTRING
ESMF_STATUS_UNINIT
ESMF_TEST
ESMF_TESTEND
ESMF_TESTMINPETS
ESMF_TESTSTART
ESMF_TEST_COMPLETE
ESMF_TIME
ESMF_TIMEGET
ESMF_TIMEINTERVAL
ESMF_TIMEINTERVALABSVALUE
ESMF_TIMEINTERVALGET
ESMF_TIMEINTERVALNEGABSVALUE
ESMF_TIMEINTERVALPRINT
ESMF_TIMEINTERVALREADRESTART
ESMF_TIMEINTERVALSET
ESMF_TIMEINTERVALVALIDATE
ESMF_TIMEINTERVALWRITERESTART
ESMF_TIMEISSAMECALENDAR
ESMF_TIMEPRINT
ESMF_TIMEREADRESTART
ESMF_TIMESET
ESMF_TIMESYNCTOREALTIME
ESMF_TIMEVALIDATE
ESMF_TIMEWRITERESTART
ESMF_TRANSFORMVALUES
ESMF_TRANSFORMVALUESCREATE
ESMF_TRANSFORMVALUESDESTROY
ESMF_TRANSFORMVALUESGET
ESMF_TRANSFORMVALUESGETF90PTRS
ESMF_TRANSFORMVALUESPRINT
ESMF_TRANSFORMVALUESSET
ESMF_TRANSFORMVALUESVALIDATE
ESMF_VALIDFLAG
ESMF_VERSION_STRING
ESMF_VM
ESMF_VMABORT
ESMF_VMALLFULLREDUCE
ESMF_VMALLREDUCE
ESMF_VMBARRIER
ESMF_VMBROADCAST
ESMF_VMFINALIZE
ESMF_VMGATHER
ESMF_VMGET
ESMF_VMGETCURRENT
ESMF_VMGETCURRENTID
ESMF_VMGETGLOBAL
ESMF_VMGETPETLOCALINFO
ESMF_VMID
ESMF_VMIDCOMPARE
ESMF_VMIDCREATE
ESMF_VMIDDESTROY
ESMF_VMIDPRINT
ESMF_VMINITIALIZE
ESMF_VMPLAN
ESMF_VMPLANCONSTRUCT
ESMF_VMPLANDESTRUCT
ESMF_VMPLANMAXPES
ESMF_VMPLANMAXTHREADS
ESMF_VMPLANMINTHREADS
ESMF_VMPRINT
ESMF_VMRECV
ESMF_VMRECVVMID
ESMF_VMSCATTER
ESMF_VMSEND
ESMF_VMSENDRECV
ESMF_VMSENDVMID
ESMF_VMSHUTDOWN
ESMF_VMTHREADBARRIER
ESMF_VMWAIT
ESMF_VMWAITQUEUE
ESMF_XFORM
ESMF_XFORMGET
ESMF_XFORMINIT
ESMF_XFORMPRINT
ESMF_XFORMREADRESTART
ESMF_XFORMWRITERESTART
ESMF_XPACKET
ESMF_XPACKETGET
ESMF_XPACKETPRINT
ESMF_XPACKETSET
ESMF_XPACKETSETDEFAULT
