ESMF_ALARM
ESMF_ALARMCREATE
ESMF_ALARMENABLE
ESMF_ALARMISRINGING
ESMF_ALARMRINGEROFF
ESMF_ALARMRINGERON
ESMF_ALARMSET
ESMF_CLOCK
ESMF_CLOCKADDALARM
ESMF_CLOCKADVANCE
ESMF_CLOCKCREATE
ESMF_CLOCKGET
ESMF_CLOCKGETALARMLIST
ESMF_CLOCKISSTOPTIME
ESMF_CLOCKPRINT
ESMF_CLOCKSET
ESMF_CLOCKSETOLD
ESMF_CLOCKSTOPTIMEDISABLE
ESMF_CLOCKVALIDATE
ESMF_FINALIZE
ESMF_GRIDCOMP
ESMF_GRIDCOMPCREATE
ESMF_GRIDCOMPDESTROY
ESMF_GRIDCOMPFINALIZE
ESMF_GRIDCOMPINITIALIZE
ESMF_GRIDCOMPRUN
ESMF_GRIDCOMPSETENTRYPOINT
ESMF_GRIDCOMPSETSERVICES
ESMF_INITIALIZE
ESMF_LOGWRITE
ESMF_MOD
ESMF_SINGLEPHASE
ESMF_STATE
ESMF_SUCCESS
ESMF_TIME
ESMF_TIMEGET
ESMF_TIMEINTERVAL
ESMF_TIMEINTERVALSET
ESMF_TIMESET
ESMF_VM
MODULE_WRF_ESMF_SUPER
WRF_ESMF_LOGERR
WRF_ESMF_MOD
